<?xml version="1.0" encoding="UTF-8" ?>
<testsuites>
<testsuite name="Localr API" errors="0" tests="0" failures="0" time="0" timestamp="2015-03-19T19:00:48">
</testsuite>
<testsuite name="Localr API.test local connection" errors="0" tests="1" failures="0" time="0.087" timestamp="2015-03-19T19:00:48">
  <testcase classname="Localr API.test local connection" name="make connection to server" time="0.087"></testcase>
</testsuite>
</testsuites>