<?xml version="1.0" encoding="UTF-8" ?>
<testsuites>
<testsuite name="Localr API" errors="0" tests="1" failures="0" time="0.03" timestamp="2015-03-17T19:05:46">
  <testcase classname="Localr API" name="be able to check what offers youve redeemed" time="0"></testcase>
</testsuite>
<testsuite name="Localr API.test local connection" errors="0" tests="1" failures="0" time="0.036" timestamp="2015-03-17T19:05:46">
  <testcase classname="Localr API.test local connection" name="make connection to server" time="0.036"></testcase>
</testsuite>
<testsuite name="Localr API.Users" errors="0" tests="0" failures="0" time="0" timestamp="2015-03-17T19:05:46">
</testsuite>
<testsuite name="Localr API.Users.create the user" errors="0" tests="2" failures="2" time="0.034" timestamp="2015-03-17T19:05:46">
  <testcase classname="Localr API.Users.create the user" name="be able to create a user" time="0.013"><failure type="expect" message="Expected 500 to be 201.">Error: Expected 500 to be 201.
    at new jasmine.ExpectationResult (/home/codio/.nvm/v0.10.33/lib/node_modules/jasmine-node/lib/jasmine-node/jasmine-1.3.1.js:114:32)
    at null.toBe (/home/codio/.nvm/v0.10.33/lib/node_modules/jasmine-node/lib/jasmine-node/jasmine-1.3.1.js:1316:29)
    at Request._callback (/home/codio/workspace/spec/localr.spec.js:38:50)
    at Request.self.callback (/home/codio/workspace/node_modules/request/request.js:344:22)
    at Request.emit (events.js:98:17)
    at Request.&amp;lt;anonymous&amp;gt; (/home/codio/workspace/node_modules/request/request.js:1239:14)
    at Request.emit (events.js:117:20)
    at IncomingMessage.&amp;lt;anonymous&amp;gt; (/home/codio/workspace/node_modules/request/request.js:1187:12)
    at IncomingMessage.emit (events.js:117:20)
    at _stream_readable.js:943:16</failure><failure type="expect" message="Expected undefined to be &amp;apos;testuser&amp;apos;.">Error: Expected undefined to be &amp;apos;testuser&amp;apos;.
    at new jasmine.ExpectationResult (/home/codio/.nvm/v0.10.33/lib/node_modules/jasmine-node/lib/jasmine-node/jasmine-1.3.1.js:114:32)
    at null.toBe (/home/codio/.nvm/v0.10.33/lib/node_modules/jasmine-node/lib/jasmine-node/jasmine-1.3.1.js:1316:29)
    at Request._callback (/home/codio/workspace/spec/localr.spec.js:41:44)
    at Request.self.callback (/home/codio/workspace/node_modules/request/request.js:344:22)
    at Request.emit (events.js:98:17)
    at Request.&amp;lt;anonymous&amp;gt; (/home/codio/workspace/node_modules/request/request.js:1239:14)
    at Request.emit (events.js:117:20)
    at IncomingMessage.&amp;lt;anonymous&amp;gt; (/home/codio/workspace/node_modules/request/request.js:1187:12)
    at IncomingMessage.emit (events.js:117:20)
    at _stream_readable.js:943:16</failure><failure type="expect" message="Expected undefined to be &amp;apos;localhost/users/testuser&amp;apos;.">Error: Expected undefined to be &amp;apos;localhost/users/testuser&amp;apos;.
    at new jasmine.ExpectationResult (/home/codio/.nvm/v0.10.33/lib/node_modules/jasmine-node/lib/jasmine-node/jasmine-1.3.1.js:114:32)
    at null.toBe (/home/codio/.nvm/v0.10.33/lib/node_modules/jasmine-node/lib/jasmine-node/jasmine-1.3.1.js:1316:29)
    at Request._callback (/home/codio/workspace/spec/localr.spec.js:42:39)
    at Request.self.callback (/home/codio/workspace/node_modules/request/request.js:344:22)
    at Request.emit (events.js:98:17)
    at Request.&amp;lt;anonymous&amp;gt; (/home/codio/workspace/node_modules/request/request.js:1239:14)
    at Request.emit (events.js:117:20)
    at IncomingMessage.&amp;lt;anonymous&amp;gt; (/home/codio/workspace/node_modules/request/request.js:1187:12)
    at IncomingMessage.emit (events.js:117:20)
    at _stream_readable.js:943:16</failure></testcase>
  <testcase classname="Localr API.Users.create the user" name="be not able to create duplicate user" time="0.015"><failure type="expect" message="Expected 500 to be 409.">Error: Expected 500 to be 409.
    at new jasmine.ExpectationResult (/home/codio/.nvm/v0.10.33/lib/node_modules/jasmine-node/lib/jasmine-node/jasmine-1.3.1.js:114:32)
    at null.toBe (/home/codio/.nvm/v0.10.33/lib/node_modules/jasmine-node/lib/jasmine-node/jasmine-1.3.1.js:1316:29)
    at Request._callback (/home/codio/workspace/spec/localr.spec.js:60:50)
    at Request.self.callback (/home/codio/workspace/node_modules/request/request.js:344:22)
    at Request.emit (events.js:98:17)
    at Request.&amp;lt;anonymous&amp;gt; (/home/codio/workspace/node_modules/request/request.js:1239:14)
    at Request.emit (events.js:117:20)
    at IncomingMessage.&amp;lt;anonymous&amp;gt; (/home/codio/workspace/node_modules/request/request.js:1187:12)
    at IncomingMessage.emit (events.js:117:20)
    at _stream_readable.js:943:16</failure></testcase>
</testsuite>
<testsuite name="Localr API.checkin" errors="0" tests="3" failures="2" time="0.029" timestamp="2015-03-17T19:05:46">
  <testcase classname="Localr API.checkin" name="be able to checkin" time="0.013"><failure type="expect" message="Expected 406 to be 200.">Error: Expected 406 to be 200.
    at new jasmine.ExpectationResult (/home/codio/.nvm/v0.10.33/lib/node_modules/jasmine-node/lib/jasmine-node/jasmine-1.3.1.js:114:32)
    at null.toBe (/home/codio/.nvm/v0.10.33/lib/node_modules/jasmine-node/lib/jasmine-node/jasmine-1.3.1.js:1316:29)
    at Request._callback (/home/codio/workspace/spec/localr.spec.js:86:46)
    at Request.self.callback (/home/codio/workspace/node_modules/request/request.js:344:22)
    at Request.emit (events.js:98:17)
    at Request.&amp;lt;anonymous&amp;gt; (/home/codio/workspace/node_modules/request/request.js:1239:14)
    at Request.emit (events.js:117:20)
    at IncomingMessage.&amp;lt;anonymous&amp;gt; (/home/codio/workspace/node_modules/request/request.js:1187:12)
    at IncomingMessage.emit (events.js:117:20)
    at _stream_readable.js:943:16</failure></testcase>
  <testcase classname="Localr API.checkin" name="check points have been added" time="0.013"><failure type="expect" message="Expected 404 to be 200.">Error: Expected 404 to be 200.
    at new jasmine.ExpectationResult (/home/codio/.nvm/v0.10.33/lib/node_modules/jasmine-node/lib/jasmine-node/jasmine-1.3.1.js:114:32)
    at null.toBe (/home/codio/.nvm/v0.10.33/lib/node_modules/jasmine-node/lib/jasmine-node/jasmine-1.3.1.js:1316:29)
    at Request._callback (/home/codio/workspace/spec/localr.spec.js:104:46)
    at Request.self.callback (/home/codio/workspace/node_modules/request/request.js:344:22)
    at Request.emit (events.js:98:17)
    at Request.&amp;lt;anonymous&amp;gt; (/home/codio/workspace/node_modules/request/request.js:1239:14)
    at Request.emit (events.js:117:20)
    at IncomingMessage.&amp;lt;anonymous&amp;gt; (/home/codio/workspace/node_modules/request/request.js:1187:12)
    at IncomingMessage.emit (events.js:117:20)
    at _stream_readable.js:943:16</failure><failure type="expect" message="Expected undefined to be 10.">Error: Expected undefined to be 10.
    at new jasmine.ExpectationResult (/home/codio/.nvm/v0.10.33/lib/node_modules/jasmine-node/lib/jasmine-node/jasmine-1.3.1.js:114:32)
    at null.toBe (/home/codio/.nvm/v0.10.33/lib/node_modules/jasmine-node/lib/jasmine-node/jasmine-1.3.1.js:1316:29)
    at Request._callback (/home/codio/workspace/spec/localr.spec.js:106:38)
    at Request.self.callback (/home/codio/workspace/node_modules/request/request.js:344:22)
    at Request.emit (events.js:98:17)
    at Request.&amp;lt;anonymous&amp;gt; (/home/codio/workspace/node_modules/request/request.js:1239:14)
    at Request.emit (events.js:117:20)
    at IncomingMessage.&amp;lt;anonymous&amp;gt; (/home/codio/workspace/node_modules/request/request.js:1187:12)
    at IncomingMessage.emit (events.js:117:20)
    at _stream_readable.js:943:16</failure></testcase>
  <testcase classname="Localr API.checkin" name="be able to see where you&amp;apos;ve checked in" time="0"></testcase>
</testsuite>
<testsuite name="Localr API.groups" errors="0" tests="3" failures="3" time="0.041" timestamp="2015-03-17T19:05:46">
  <testcase classname="Localr API.groups" name="be able to create a group" time="0.014"><failure type="expect" message="Expected 500 to be 201.">Error: Expected 500 to be 201.
    at new jasmine.ExpectationResult (/home/codio/.nvm/v0.10.33/lib/node_modules/jasmine-node/lib/jasmine-node/jasmine-1.3.1.js:114:32)
    at null.toBe (/home/codio/.nvm/v0.10.33/lib/node_modules/jasmine-node/lib/jasmine-node/jasmine-1.3.1.js:1316:29)
    at Request._callback (/home/codio/workspace/spec/localr.spec.js:135:46)
    at Request.self.callback (/home/codio/workspace/node_modules/request/request.js:344:22)
    at Request.emit (events.js:98:17)
    at Request.&amp;lt;anonymous&amp;gt; (/home/codio/workspace/node_modules/request/request.js:1239:14)
    at Request.emit (events.js:117:20)
    at IncomingMessage.&amp;lt;anonymous&amp;gt; (/home/codio/workspace/node_modules/request/request.js:1187:12)
    at IncomingMessage.emit (events.js:117:20)
    at _stream_readable.js:943:16</failure></testcase>
  <testcase classname="Localr API.groups" name="be able to join a group" time="0.012"><failure type="expect" message="Expected 404 to be 200.">Error: Expected 404 to be 200.
    at new jasmine.ExpectationResult (/home/codio/.nvm/v0.10.33/lib/node_modules/jasmine-node/lib/jasmine-node/jasmine-1.3.1.js:114:32)
    at null.toBe (/home/codio/.nvm/v0.10.33/lib/node_modules/jasmine-node/lib/jasmine-node/jasmine-1.3.1.js:1316:29)
    at Request._callback (/home/codio/workspace/spec/localr.spec.js:152:46)
    at Request.self.callback (/home/codio/workspace/node_modules/request/request.js:344:22)
    at Request.emit (events.js:98:17)
    at Request.&amp;lt;anonymous&amp;gt; (/home/codio/workspace/node_modules/request/request.js:1239:14)
    at Request.emit (events.js:117:20)
    at IncomingMessage.&amp;lt;anonymous&amp;gt; (/home/codio/workspace/node_modules/request/request.js:1187:12)
    at IncomingMessage.emit (events.js:117:20)
    at _stream_readable.js:943:16</failure></testcase>
  <testcase classname="Localr API.groups" name="be able to delete a group" time="0.013"><failure type="expect" message="Expected 405 to be 200.">Error: Expected 405 to be 200.
    at new jasmine.ExpectationResult (/home/codio/.nvm/v0.10.33/lib/node_modules/jasmine-node/lib/jasmine-node/jasmine-1.3.1.js:114:32)
    at null.toBe (/home/codio/.nvm/v0.10.33/lib/node_modules/jasmine-node/lib/jasmine-node/jasmine-1.3.1.js:1316:29)
    at Request._callback (/home/codio/workspace/spec/localr.spec.js:176:46)
    at Request.self.callback (/home/codio/workspace/node_modules/request/request.js:344:22)
    at Request.emit (events.js:98:17)
    at Request.&amp;lt;anonymous&amp;gt; (/home/codio/workspace/node_modules/request/request.js:1239:14)
    at Request.emit (events.js:117:20)
    at IncomingMessage.&amp;lt;anonymous&amp;gt; (/home/codio/workspace/node_modules/request/request.js:1187:12)
    at IncomingMessage.emit (events.js:117:20)
    at _stream_readable.js:943:16</failure></testcase>
</testsuite>
<testsuite name="Localr API.businesses" errors="0" tests="3" failures="3" time="0.045" timestamp="2015-03-17T19:05:46">
  <testcase classname="Localr API.businesses" name="able to create new business" time="0.015"><failure type="expect" message="Expected 404 to be 201.">Error: Expected 404 to be 201.
    at new jasmine.ExpectationResult (/home/codio/.nvm/v0.10.33/lib/node_modules/jasmine-node/lib/jasmine-node/jasmine-1.3.1.js:114:32)
    at null.toBe (/home/codio/.nvm/v0.10.33/lib/node_modules/jasmine-node/lib/jasmine-node/jasmine-1.3.1.js:1316:29)
    at Request._callback (/home/codio/workspace/spec/localr.spec.js:197:46)
    at Request.self.callback (/home/codio/workspace/node_modules/request/request.js:344:22)
    at Request.emit (events.js:98:17)
    at Request.&amp;lt;anonymous&amp;gt; (/home/codio/workspace/node_modules/request/request.js:1239:14)
    at Request.emit (events.js:117:20)
    at IncomingMessage.&amp;lt;anonymous&amp;gt; (/home/codio/workspace/node_modules/request/request.js:1187:12)
    at IncomingMessage.emit (events.js:117:20)
    at _stream_readable.js:943:16</failure></testcase>
  <testcase classname="Localr API.businesses" name="be able to create an offer" time="0.014"><failure type="expect" message="Expected 404 to be 201.">Error: Expected 404 to be 201.
    at new jasmine.ExpectationResult (/home/codio/.nvm/v0.10.33/lib/node_modules/jasmine-node/lib/jasmine-node/jasmine-1.3.1.js:114:32)
    at null.toBe (/home/codio/.nvm/v0.10.33/lib/node_modules/jasmine-node/lib/jasmine-node/jasmine-1.3.1.js:1316:29)
    at Request._callback (/home/codio/workspace/spec/localr.spec.js:215:46)
    at Request.self.callback (/home/codio/workspace/node_modules/request/request.js:344:22)
    at Request.emit (events.js:98:17)
    at Request.&amp;lt;anonymous&amp;gt; (/home/codio/workspace/node_modules/request/request.js:1239:14)
    at Request.emit (events.js:117:20)
    at IncomingMessage.&amp;lt;anonymous&amp;gt; (/home/codio/workspace/node_modules/request/request.js:1187:12)
    at IncomingMessage.emit (events.js:117:20)
    at _stream_readable.js:943:16</failure></testcase>
  <testcase classname="Localr API.businesses" name="cant create duplicate offer" time="0.012"><failure type="expect" message="Expected 404 to be 200.">Error: Expected 404 to be 200.
    at new jasmine.ExpectationResult (/home/codio/.nvm/v0.10.33/lib/node_modules/jasmine-node/lib/jasmine-node/jasmine-1.3.1.js:114:32)
    at null.toBe (/home/codio/.nvm/v0.10.33/lib/node_modules/jasmine-node/lib/jasmine-node/jasmine-1.3.1.js:1316:29)
    at Request._callback (/home/codio/workspace/spec/localr.spec.js:233:46)
    at Request.self.callback (/home/codio/workspace/node_modules/request/request.js:344:22)
    at Request.emit (events.js:98:17)
    at Request.&amp;lt;anonymous&amp;gt; (/home/codio/workspace/node_modules/request/request.js:1239:14)
    at Request.emit (events.js:117:20)
    at IncomingMessage.&amp;lt;anonymous&amp;gt; (/home/codio/workspace/node_modules/request/request.js:1187:12)
    at IncomingMessage.emit (events.js:117:20)
    at _stream_readable.js:943:16</failure></testcase>
</testsuite>
<testsuite name="Localr API.Offers" errors="0" tests="2" failures="2" time="0.024" timestamp="2015-03-17T19:05:46">
  <testcase classname="Localr API.Offers" name="Be able to get the latest offers" time="0.011"><failure type="expect" message="Expected 500 to be 200.">Error: Expected 500 to be 200.
    at new jasmine.ExpectationResult (/home/codio/.nvm/v0.10.33/lib/node_modules/jasmine-node/lib/jasmine-node/jasmine-1.3.1.js:114:32)
    at null.toBe (/home/codio/.nvm/v0.10.33/lib/node_modules/jasmine-node/lib/jasmine-node/jasmine-1.3.1.js:1316:29)
    at Request._callback (/home/codio/workspace/spec/localr.spec.js:253:46)
    at Request.self.callback (/home/codio/workspace/node_modules/request/request.js:344:22)
    at Request.emit (events.js:98:17)
    at Request.&amp;lt;anonymous&amp;gt; (/home/codio/workspace/node_modules/request/request.js:1239:14)
    at Request.emit (events.js:117:20)
    at IncomingMessage.&amp;lt;anonymous&amp;gt; (/home/codio/workspace/node_modules/request/request.js:1187:12)
    at IncomingMessage.emit (events.js:117:20)
    at _stream_readable.js:943:16</failure></testcase>
  <testcase classname="Localr API.Offers" name="be able to get a businesses offers" time="0.011"><failure type="expect" message="Expected 500 to be 200.">Error: Expected 500 to be 200.
    at new jasmine.ExpectationResult (/home/codio/.nvm/v0.10.33/lib/node_modules/jasmine-node/lib/jasmine-node/jasmine-1.3.1.js:114:32)
    at null.toBe (/home/codio/.nvm/v0.10.33/lib/node_modules/jasmine-node/lib/jasmine-node/jasmine-1.3.1.js:1316:29)
    at Request._callback (/home/codio/workspace/spec/localr.spec.js:270:46)
    at Request.self.callback (/home/codio/workspace/node_modules/request/request.js:344:22)
    at Request.emit (events.js:98:17)
    at Request.&amp;lt;anonymous&amp;gt; (/home/codio/workspace/node_modules/request/request.js:1239:14)
    at Request.emit (events.js:117:20)
    at IncomingMessage.&amp;lt;anonymous&amp;gt; (/home/codio/workspace/node_modules/request/request.js:1187:12)
    at IncomingMessage.emit (events.js:117:20)
    at _stream_readable.js:943:16</failure></testcase>
</testsuite>
<testsuite name="Localr API.delete all" errors="0" tests="4" failures="2" time="0.03" timestamp="2015-03-17T19:05:46">
  <testcase classname="Localr API.delete all" name="be able delete the user" time="0.013"><failure type="expect" message="Expected 500 to be 200.">Error: Expected 500 to be 200.
    at new jasmine.ExpectationResult (/home/codio/.nvm/v0.10.33/lib/node_modules/jasmine-node/lib/jasmine-node/jasmine-1.3.1.js:114:32)
    at null.toBe (/home/codio/.nvm/v0.10.33/lib/node_modules/jasmine-node/lib/jasmine-node/jasmine-1.3.1.js:1316:29)
    at Request._callback (/home/codio/workspace/spec/localr.spec.js:292:46)
    at Request.self.callback (/home/codio/workspace/node_modules/request/request.js:344:22)
    at Request.emit (events.js:98:17)
    at Request.&amp;lt;anonymous&amp;gt; (/home/codio/workspace/node_modules/request/request.js:1239:14)
    at Request.emit (events.js:117:20)
    at IncomingMessage.&amp;lt;anonymous&amp;gt; (/home/codio/workspace/node_modules/request/request.js:1187:12)
    at IncomingMessage.emit (events.js:117:20)
    at _stream_readable.js:943:16</failure><failure type="expect" message="Expected &amp;apos;{&amp;quot;code&amp;quot;:&amp;quot;InternalError&amp;quot;,&amp;quot;message&amp;quot;:&amp;quot;Cannot read property &amp;apos;basic&amp;apos; of undefined&amp;quot;}&amp;apos; to be &amp;apos;User Deleted&amp;apos;.">Error: Expected &amp;apos;{&amp;quot;code&amp;quot;:&amp;quot;InternalError&amp;quot;,&amp;quot;message&amp;quot;:&amp;quot;Cannot read property &amp;apos;basic&amp;apos; of undefined&amp;quot;}&amp;apos; to be &amp;apos;User Deleted&amp;apos;.
    at new jasmine.ExpectationResult (/home/codio/.nvm/v0.10.33/lib/node_modules/jasmine-node/lib/jasmine-node/jasmine-1.3.1.js:114:32)
    at null.toBe (/home/codio/.nvm/v0.10.33/lib/node_modules/jasmine-node/lib/jasmine-node/jasmine-1.3.1.js:1316:29)
    at Request._callback (/home/codio/workspace/spec/localr.spec.js:293:31)
    at Request.self.callback (/home/codio/workspace/node_modules/request/request.js:344:22)
    at Request.emit (events.js:98:17)
    at Request.&amp;lt;anonymous&amp;gt; (/home/codio/workspace/node_modules/request/request.js:1239:14)
    at Request.emit (events.js:117:20)
    at IncomingMessage.&amp;lt;anonymous&amp;gt; (/home/codio/workspace/node_modules/request/request.js:1187:12)
    at IncomingMessage.emit (events.js:117:20)
    at _stream_readable.js:943:16</failure></testcase>
  <testcase classname="Localr API.delete all" name="be able to delete the business" time="0.013"><failure type="expect" message="Expected 500 to be 200.">Error: Expected 500 to be 200.
    at new jasmine.ExpectationResult (/home/codio/.nvm/v0.10.33/lib/node_modules/jasmine-node/lib/jasmine-node/jasmine-1.3.1.js:114:32)
    at null.toBe (/home/codio/.nvm/v0.10.33/lib/node_modules/jasmine-node/lib/jasmine-node/jasmine-1.3.1.js:1316:29)
    at Request._callback (/home/codio/workspace/spec/localr.spec.js:312:46)
    at Request.self.callback (/home/codio/workspace/node_modules/request/request.js:344:22)
    at Request.emit (events.js:98:17)
    at Request.&amp;lt;anonymous&amp;gt; (/home/codio/workspace/node_modules/request/request.js:1239:14)
    at Request.emit (events.js:117:20)
    at IncomingMessage.&amp;lt;anonymous&amp;gt; (/home/codio/workspace/node_modules/request/request.js:1187:12)
    at IncomingMessage.emit (events.js:117:20)
    at _stream_readable.js:943:16</failure></testcase>
  <testcase classname="Localr API.delete all" name="delete offers" time="0"></testcase>
  <testcase classname="Localr API.delete all" name="delete group" time="0"></testcase>
</testsuite>
</testsuites>